<?xml version="1.0" encoding="UTF-8"?>
<testsuite name="com.hirshi001.gwtrestapi.test.GWTRestTest" tests="1" skipped="0" failures="1" errors="0" timestamp="2024-12-02T03:14:22" hostname="Hrishikeshs-MacBook-Pro.local" time="5.644">
  <properties/>
  <testcase name="testBothMethods" classname="com.hirshi001.gwtrestapi.test.GWTRestTest" time="5.644">
    <failure message="com.google.gwt.junit.JUnitFatalLaunchException: The test class 'com.hirshi001.gwtrestapi.test.GWTRestTest' had compile errors; check log for details" type="com.google.gwt.junit.JUnitFatalLaunchException">com.google.gwt.junit.JUnitFatalLaunchException: The test class 'com.hirshi001.gwtrestapi.test.GWTRestTest' had compile errors; check log for details
	at app//com.google.gwt.junit.JUnitShell.checkTestClassInCurrentModule(JUnitShell.java:741)
	at app//com.google.gwt.junit.JUnitShell.runTestImpl(JUnitShell.java:1360)
	at app//com.google.gwt.junit.JUnitShell.runTestImpl(JUnitShell.java:1316)
	at app//com.google.gwt.junit.JUnitShell.runTest(JUnitShell.java:679)
	at app//com.google.gwt.junit.client.GWTTestCase.runTest(GWTTestCase.java:421)
	at app//junit.framework.TestCase.runBare(TestCase.java:142)
	at app//junit.framework.TestResult$1.protect(TestResult.java:122)
	at app//junit.framework.TestResult.runProtected(TestResult.java:142)
	at app//junit.framework.TestResult.run(TestResult.java:125)
	at app//junit.framework.TestCase.run(TestCase.java:130)
	at app//com.google.gwt.junit.client.GWTTestCase.run(GWTTestCase.java:247)
	at app//junit.framework.TestSuite.runTest(TestSuite.java:241)
	at app//junit.framework.TestSuite.run(TestSuite.java:236)
	at app//org.junit.internal.runners.JUnit38ClassRunner.run(JUnit38ClassRunner.java:90)
	at org.gradle.api.internal.tasks.testing.junit.JUnitTestClassExecutor.runTestClass(JUnitTestClassExecutor.java:112)
	at org.gradle.api.internal.tasks.testing.junit.JUnitTestClassExecutor.execute(JUnitTestClassExecutor.java:58)
	at org.gradle.api.internal.tasks.testing.junit.JUnitTestClassExecutor.execute(JUnitTestClassExecutor.java:40)
	at org.gradle.api.internal.tasks.testing.junit.AbstractJUnitTestClassProcessor.processTestClass(AbstractJUnitTestClassProcessor.java:54)
	at org.gradle.api.internal.tasks.testing.SuiteTestClassProcessor.processTestClass(SuiteTestClassProcessor.java:53)
	at java.base@22.0.1/jdk.internal.reflect.DirectMethodHandleAccessor.invoke(DirectMethodHandleAccessor.java:103)
	at java.base@22.0.1/java.lang.reflect.Method.invoke(Method.java:580)
	at org.gradle.internal.dispatch.ReflectionDispatch.dispatch(ReflectionDispatch.java:36)
	at org.gradle.internal.dispatch.ReflectionDispatch.dispatch(ReflectionDispatch.java:24)
	at org.gradle.internal.dispatch.ContextClassLoaderDispatch.dispatch(ContextClassLoaderDispatch.java:33)
	at org.gradle.internal.dispatch.ProxyDispatchAdapter$DispatchingInvocationHandler.invoke(ProxyDispatchAdapter.java:92)
	at jdk.proxy1/jdk.proxy1.$Proxy4.processTestClass(Unknown Source)
	at org.gradle.api.internal.tasks.testing.worker.TestWorker$2.run(TestWorker.java:183)
	at org.gradle.api.internal.tasks.testing.worker.TestWorker.executeAndMaintainThreadName(TestWorker.java:132)
	at org.gradle.api.internal.tasks.testing.worker.TestWorker.execute(TestWorker.java:103)
	at org.gradle.api.internal.tasks.testing.worker.TestWorker.execute(TestWorker.java:63)
	at org.gradle.process.internal.worker.child.ActionExecutionWorker.execute(ActionExecutionWorker.java:56)
	at org.gradle.process.internal.worker.child.SystemApplicationClassLoaderWorker.call(SystemApplicationClassLoaderWorker.java:121)
	at org.gradle.process.internal.worker.child.SystemApplicationClassLoaderWorker.call(SystemApplicationClassLoaderWorker.java:71)
	at app//worker.org.gradle.process.internal.worker.GradleWorkerMain.run(GradleWorkerMain.java:69)
	at app//worker.org.gradle.process.internal.worker.GradleWorkerMain.main(GradleWorkerMain.java:74)
</failure>
  </testcase>
  <system-out><![CDATA[Tracing compile failure path for type 'com.hirshi001.gwtrestapi.test.GWTRestTest'
   [ERROR] Errors in 'file:/Users/hrishikesh/Workspace/Java/RestAPI/gwtrestapi/src/test/java/com/hirshi001/gwtrestapi/test/GWTRestTest.java'
      [ERROR] Line 17: No source code is available for type com.hirshi001.restapi.RestAPI; did you forget to inherit a required module?
      [ERROR] Line 25: No source code is available for type com.hirshi001.restapi.RestFuture<T,U>; did you forget to inherit a required module?
[ERROR] Hint: Your source appears not to live underneath a subpackage called 'client'; no problem, but you'll need to use the <source> directive in your module to make it accessible
]]></system-out>
  <system-err><![CDATA[]]></system-err>
</testsuite>
